app/build/intermediates/manifest_merge_blame_file/debug/processDebugMainManifest/manifest-merger-blame-debug-report.txt
1<?xml version="1.0" encoding="utf-8"?>
2<manifest xmlns:android="http://schemas.android.com/apk/res/android"
3    package="com.subscription.poc"
4    android:versionCode="1"
5    android:versionName="1.0" >
6
7    <uses-sdk
8        android:minSdkVersion="24"
9        android:targetSdkVersion="35" />
10
11    <!-- Permission for Google Play Billing -->
12    <uses-permission android:name="com.android.vending.BILLING" />
12-->src/main/AndroidManifest.xml:5:5-67
12-->src/main/AndroidManifest.xml:5:22-64
13    <uses-permission android:name="android.permission.INTERNET" />
13-->src/main/AndroidManifest.xml:6:5-67
13-->src/main/AndroidManifest.xml:6:22-64
14
15    <queries>
15-->[com.android.billingclient:billing:7.1.1] AndroidManifest.xml:12:5-19:15
16        <intent>
16-->[com.android.billingclient:billing:7.1.1] AndroidManifest.xml:13:9-15:18
17            <action android:name="com.android.vending.billing.InAppBillingService.BIND" />
17-->[com.android.billingclient:billing:7.1.1] AndroidManifest.xml:14:13-91
17-->[com.android.billingclient:billing:7.1.1] AndroidManifest.xml:14:21-88
18        </intent>
19        <intent>
19-->[com.android.billingclient:billing:7.1.1] AndroidManifest.xml:16:9-18:18
20            <action android:name="com.google.android.apps.play.billingtestcompanion.BillingOverrideService.BIND" />
20-->[com.android.billingclient:billing:7.1.1] AndroidManifest.xml:17:13-116
20-->[com.android.billingclient:billing:7.1.1] AndroidManifest.xml:17:21-113
21        </intent>
22    </queries>
23
24    <permission
24-->[androidx.core:core:1.15.0] AndroidManifest.xml:22:5-24:47
25        android:name="com.subscription.poc.DYNAMIC_RECEIVER_NOT_EXPORTED_PERMISSION"
25-->[androidx.core:core:1.15.0] AndroidManifest.xml:23:9-81
26        android:protectionLevel="signature" />
26-->[androidx.core:core:1.15.0] AndroidManifest.xml:24:9-44
27
28    <uses-permission android:name="com.subscription.poc.DYNAMIC_RECEIVER_NOT_EXPORTED_PERMISSION" /> <!-- Although the *SdkVersion is captured in gradle build files, this is required for non gradle builds -->
28-->[androidx.core:core:1.15.0] AndroidManifest.xml:26:5-97
28-->[androidx.core:core:1.15.0] AndroidManifest.xml:26:22-94
29    <!-- <uses-sdk android:minSdkVersion="14"/> -->
30    <uses-permission android:name="android.permission.ACCESS_NETWORK_STATE" />
30-->[com.google.android.datatransport:transport-backend-cct:3.1.8] AndroidManifest.xml:24:5-79
30-->[com.google.android.datatransport:transport-backend-cct:3.1.8] AndroidManifest.xml:24:22-76
31
32    <application
32-->src/main/AndroidManifest.xml:8:5-25:19
33        android:name="com.subscription.poc.SubscriptionApp"
33-->src/main/AndroidManifest.xml:9:9-40
34        android:allowBackup="true"
34-->src/main/AndroidManifest.xml:10:9-35
35        android:appComponentFactory="androidx.core.app.CoreComponentFactory"
35-->[androidx.core:core:1.15.0] AndroidManifest.xml:28:18-86
36        android:debuggable="true"
37        android:extractNativeLibs="false"
38        android:icon="@mipmap/ic_launcher"
38-->src/main/AndroidManifest.xml:11:9-43
39        android:label="@string/app_name"
39-->src/main/AndroidManifest.xml:12:9-41
40        android:roundIcon="@mipmap/ic_launcher_round"
40-->src/main/AndroidManifest.xml:13:9-54
41        android:supportsRtl="true"
41-->src/main/AndroidManifest.xml:14:9-35
42        android:theme="@style/Theme.InAppSubscriptionPOC" >
42-->src/main/AndroidManifest.xml:15:9-58
43        <activity
43-->src/main/AndroidManifest.xml:16:9-24:20
44            android:name="com.subscription.poc.MainActivity"
44-->src/main/AndroidManifest.xml:17:13-41
45            android:exported="true"
45-->src/main/AndroidManifest.xml:18:13-36
46            android:theme="@style/Theme.InAppSubscriptionPOC" >
46-->src/main/AndroidManifest.xml:19:13-62
47            <intent-filter>
47-->src/main/AndroidManifest.xml:20:13-23:29
48                <action android:name="android.intent.action.MAIN" />
48-->src/main/AndroidManifest.xml:21:17-69
48-->src/main/AndroidManifest.xml:21:25-66
49
50                <category android:name="android.intent.category.LAUNCHER" />
50-->src/main/AndroidManifest.xml:22:17-77
50-->src/main/AndroidManifest.xml:22:27-74
51            </intent-filter>
52        </activity>
53        <activity
53-->[androidx.compose.ui:ui-tooling-android:1.7.6] AndroidManifest.xml:23:9-25:39
54            android:name="androidx.compose.ui.tooling.PreviewActivity"
54-->[androidx.compose.ui:ui-tooling-android:1.7.6] AndroidManifest.xml:24:13-71
55            android:exported="true" />
55-->[androidx.compose.ui:ui-tooling-android:1.7.6] AndroidManifest.xml:25:13-36
56        <activity
56-->[androidx.compose.ui:ui-test-manifest:1.7.6] AndroidManifest.xml:23:9-25:39
57            android:name="androidx.activity.ComponentActivity"
57-->[androidx.compose.ui:ui-test-manifest:1.7.6] AndroidManifest.xml:24:13-63
58            android:exported="true" />
58-->[androidx.compose.ui:ui-test-manifest:1.7.6] AndroidManifest.xml:25:13-36
59
60        <meta-data
60-->[com.android.billingclient:billing:7.1.1] AndroidManifest.xml:22:9-24:37
61            android:name="com.google.android.play.billingclient.version"
61-->[com.android.billingclient:billing:7.1.1] AndroidManifest.xml:23:13-73
62            android:value="7.1.1" />
62-->[com.android.billingclient:billing:7.1.1] AndroidManifest.xml:24:13-34
63
64        <activity
64-->[com.android.billingclient:billing:7.1.1] AndroidManifest.xml:26:9-30:75
65            android:name="com.android.billingclient.api.ProxyBillingActivity"
65-->[com.android.billingclient:billing:7.1.1] AndroidManifest.xml:27:13-78
66            android:configChanges="keyboard|keyboardHidden|screenLayout|screenSize|orientation"
66-->[com.android.billingclient:billing:7.1.1] AndroidManifest.xml:28:13-96
67            android:exported="false"
67-->[com.android.billingclient:billing:7.1.1] AndroidManifest.xml:29:13-37
68            android:theme="@android:style/Theme.Translucent.NoTitleBar" />
68-->[com.android.billingclient:billing:7.1.1] AndroidManifest.xml:30:13-72
69        <activity
69-->[com.android.billingclient:billing:7.1.1] AndroidManifest.xml:31:9-35:75
70            android:name="com.android.billingclient.api.ProxyBillingActivityV2"
70-->[com.android.billingclient:billing:7.1.1] AndroidManifest.xml:32:13-80
71            android:configChanges="keyboard|keyboardHidden|screenLayout|screenSize|orientation"
71-->[com.android.billingclient:billing:7.1.1] AndroidManifest.xml:33:13-96
72            android:exported="false"
72-->[com.android.billingclient:billing:7.1.1] AndroidManifest.xml:34:13-37
73            android:theme="@android:style/Theme.Translucent.NoTitleBar" />
73-->[com.android.billingclient:billing:7.1.1] AndroidManifest.xml:35:13-72
74        <activity
74-->[com.google.android.gms:play-services-base:18.5.0] AndroidManifest.xml:5:9-173
75            android:name="com.google.android.gms.common.api.GoogleApiActivity"
75-->[com.google.android.gms:play-services-base:18.5.0] AndroidManifest.xml:5:19-85
76            android:exported="false"
76-->[com.google.android.gms:play-services-base:18.5.0] AndroidManifest.xml:5:146-170
77            android:theme="@android:style/Theme.Translucent.NoTitleBar" />
77-->[com.google.android.gms:play-services-base:18.5.0] AndroidManifest.xml:5:86-145
78
79        <provider
79-->[androidx.emoji2:emoji2:1.3.0] AndroidManifest.xml:24:9-32:20
80            android:name="androidx.startup.InitializationProvider"
80-->[androidx.emoji2:emoji2:1.3.0] AndroidManifest.xml:25:13-67
81            android:authorities="com.subscription.poc.androidx-startup"
81-->[androidx.emoji2:emoji2:1.3.0] AndroidManifest.xml:26:13-68
82            android:exported="false" >
82-->[androidx.emoji2:emoji2:1.3.0] AndroidManifest.xml:27:13-37
83            <meta-data
83-->[androidx.emoji2:emoji2:1.3.0] AndroidManifest.xml:29:13-31:52
84                android:name="androidx.emoji2.text.EmojiCompatInitializer"
84-->[androidx.emoji2:emoji2:1.3.0] AndroidManifest.xml:30:17-75
85                android:value="androidx.startup" />
85-->[androidx.emoji2:emoji2:1.3.0] AndroidManifest.xml:31:17-49
86            <meta-data
86-->[androidx.lifecycle:lifecycle-process:2.8.7] AndroidManifest.xml:29:13-31:52
87                android:name="androidx.lifecycle.ProcessLifecycleInitializer"
87-->[androidx.lifecycle:lifecycle-process:2.8.7] AndroidManifest.xml:30:17-78
88                android:value="androidx.startup" />
88-->[androidx.lifecycle:lifecycle-process:2.8.7] AndroidManifest.xml:31:17-49
89            <meta-data
89-->[androidx.profileinstaller:profileinstaller:1.3.1] AndroidManifest.xml:29:13-31:52
90                android:name="androidx.profileinstaller.ProfileInstallerInitializer"
90-->[androidx.profileinstaller:profileinstaller:1.3.1] AndroidManifest.xml:30:17-85
91                android:value="androidx.startup" />
91-->[androidx.profileinstaller:profileinstaller:1.3.1] AndroidManifest.xml:31:17-49
92        </provider>
93
94        <meta-data
94-->[com.google.android.gms:play-services-basement:18.4.0] AndroidManifest.xml:6:9-122
95            android:name="com.google.android.gms.version"
95-->[com.google.android.gms:play-services-basement:18.4.0] AndroidManifest.xml:6:20-65
96            android:value="@integer/google_play_services_version" />
96-->[com.google.android.gms:play-services-basement:18.4.0] AndroidManifest.xml:6:66-119
97
98        <receiver
98-->[androidx.profileinstaller:profileinstaller:1.3.1] AndroidManifest.xml:34:9-52:20
99            android:name="androidx.profileinstaller.ProfileInstallReceiver"
99-->[androidx.profileinstaller:profileinstaller:1.3.1] AndroidManifest.xml:35:13-76
100            android:directBootAware="false"
100-->[androidx.profileinstaller:profileinstaller:1.3.1] AndroidManifest.xml:36:13-44
101            android:enabled="true"
101-->[androidx.profileinstaller:profileinstaller:1.3.1] AndroidManifest.xml:37:13-35
102            android:exported="true"
102-->[androidx.profileinstaller:profileinstaller:1.3.1] AndroidManifest.xml:38:13-36
103            android:permission="android.permission.DUMP" >
103-->[androidx.profileinstaller:profileinstaller:1.3.1] AndroidManifest.xml:39:13-57
104            <intent-filter>
104-->[androidx.profileinstaller:profileinstaller:1.3.1] AndroidManifest.xml:40:13-42:29
105                <action android:name="androidx.profileinstaller.action.INSTALL_PROFILE" />
105-->[androidx.profileinstaller:profileinstaller:1.3.1] AndroidManifest.xml:41:17-91
105-->[androidx.profileinstaller:profileinstaller:1.3.1] AndroidManifest.xml:41:25-88
106            </intent-filter>
107            <intent-filter>
107-->[androidx.profileinstaller:profileinstaller:1.3.1] AndroidManifest.xml:43:13-45:29
108                <action android:name="androidx.profileinstaller.action.SKIP_FILE" />
108-->[androidx.profileinstaller:profileinstaller:1.3.1] AndroidManifest.xml:44:17-85
108-->[androidx.profileinstaller:profileinstaller:1.3.1] AndroidManifest.xml:44:25-82
109            </intent-filter>
110            <intent-filter>
110-->[androidx.profileinstaller:profileinstaller:1.3.1] AndroidManifest.xml:46:13-48:29
111                <action android:name="androidx.profileinstaller.action.SAVE_PROFILE" />
111-->[androidx.profileinstaller:profileinstaller:1.3.1] AndroidManifest.xml:47:17-88
111-->[androidx.profileinstaller:profileinstaller:1.3.1] AndroidManifest.xml:47:25-85
112            </intent-filter>
113            <intent-filter>
113-->[androidx.profileinstaller:profileinstaller:1.3.1] AndroidManifest.xml:49:13-51:29
114                <action android:name="androidx.profileinstaller.action.BENCHMARK_OPERATION" />
114-->[androidx.profileinstaller:profileinstaller:1.3.1] AndroidManifest.xml:50:17-95
114-->[androidx.profileinstaller:profileinstaller:1.3.1] AndroidManifest.xml:50:25-92
115            </intent-filter>
116        </receiver>
117
118        <service
118-->[com.google.android.datatransport:transport-backend-cct:3.1.8] AndroidManifest.xml:28:9-34:19
119            android:name="com.google.android.datatransport.runtime.backends.TransportBackendDiscovery"
119-->[com.google.android.datatransport:transport-backend-cct:3.1.8] AndroidManifest.xml:29:13-103
120            android:exported="false" >
120-->[com.google.android.datatransport:transport-backend-cct:3.1.8] AndroidManifest.xml:30:13-37
121            <meta-data
121-->[com.google.android.datatransport:transport-backend-cct:3.1.8] AndroidManifest.xml:31:13-33:39
122                android:name="backend:com.google.android.datatransport.cct.CctBackendFactory"
122-->[com.google.android.datatransport:transport-backend-cct:3.1.8] AndroidManifest.xml:32:17-94
123                android:value="cct" />
123-->[com.google.android.datatransport:transport-backend-cct:3.1.8] AndroidManifest.xml:33:17-36
124        </service>
125        <service
125-->[com.google.android.datatransport:transport-runtime:3.1.8] AndroidManifest.xml:26:9-30:19
126            android:name="com.google.android.datatransport.runtime.scheduling.jobscheduling.JobInfoSchedulerService"
126-->[com.google.android.datatransport:transport-runtime:3.1.8] AndroidManifest.xml:27:13-117
127            android:exported="false"
127-->[com.google.android.datatransport:transport-runtime:3.1.8] AndroidManifest.xml:28:13-37
128            android:permission="android.permission.BIND_JOB_SERVICE" >
128-->[com.google.android.datatransport:transport-runtime:3.1.8] AndroidManifest.xml:29:13-69
129        </service>
130
131        <receiver
131-->[com.google.android.datatransport:transport-runtime:3.1.8] AndroidManifest.xml:32:9-34:40
132            android:name="com.google.android.datatransport.runtime.scheduling.jobscheduling.AlarmManagerSchedulerBroadcastReceiver"
132-->[com.google.android.datatransport:transport-runtime:3.1.8] AndroidManifest.xml:33:13-132
133            android:exported="false" />
133-->[com.google.android.datatransport:transport-runtime:3.1.8] AndroidManifest.xml:34:13-37
134    </application>
135
136</manifest>